2025-06-20 16:13:12,760 - INFO - Iniciando OptIG Advanced...
2025-06-20 16:13:27,211 - INFO - Atrasos configurados: Min=5.0s, Max=10.0s
2025-06-20 16:13:27,212 - INFO - Configurando o navegador...
2025-06-20 16:13:44,820 - INFO - Navegador Chrome iniciado com sucesso.
2025-06-20 16:13:44,885 - INFO - Navegando para a página de login do Instagram. Por favor, faça o login manual.
2025-06-20 16:13:46,859 - INFO - Pausando por 7.66 segundos...
2025-06-20 16:15:24,371 - INFO - Login manual detectado com sucesso!
2025-06-20 16:15:34,412 - INFO - Pop-up 'Salvar Informações' não encontrado.
2025-06-20 16:15:44,912 - INFO - Pop-up 'Ativar Notificações' não encontrado.
2025-06-20 16:15:44,914 - INFO - Bot pronto! Iniciando ciclo de atividades...
2025-06-20 16:15:44,915 - INFO - Iniciando navegação nos Reels.
2025-06-20 16:15:48,604 - INFO - Acessando a página de Reels.
2025-06-20 16:15:48,607 - INFO - Pausando por 14.33 segundos...
2025-06-20 16:16:53,242 - INFO - Bot interrompido pelo usuário.
2025-06-20 16:16:53,263 - INFO - Fechando o navegador.
2025-06-20 16:16:57,679 - WARNING - Retrying (Retry(total=2, connect=None, read=None, redirect=None, status=None)) after connection broken by 'NewConnectionError('<urllib3.connection.HTTPConnection object at 0x00000158E9F8AE90>: Failed to establish a new connection: [WinError 10061] Nenhuma conexão pôde ser feita porque a máquina de destino as recusou ativamente')': /session/fa7012791c79601707165b2e3406f34c
2025-06-20 16:17:01,814 - WARNING - Retrying (Retry(total=1, connect=None, read=None, redirect=None, status=None)) after connection broken by 'NewConnectionError('<urllib3.connection.HTTPConnection object at 0x00000158E9F8AC10>: Failed to establish a new connection: [WinError 10061] Nenhuma conexão pôde ser feita porque a máquina de destino as recusou ativamente')': /session/fa7012791c79601707165b2e3406f34c
2025-06-20 16:17:05,886 - WARNING - Retrying (Retry(total=0, connect=None, read=None, redirect=None, status=None)) after connection broken by 'NewConnectionError('<urllib3.connection.HTTPConnection object at 0x00000158E9F6DCD0>: Failed to establish a new connection: [WinError 10061] Nenhuma conexão pôde ser feita porque a máquina de destino as recusou ativamente')': /session/fa7012791c79601707165b2e3406f34c
2025-06-20 16:17:09,953 - INFO - OptIG Advanced finalizado.
2025-06-20 16:21:58,920 - INFO - Iniciando OptIG Advanced...
2025-06-20 16:25:16,754 - INFO - Atrasos configurados: Min=5.0s, Max=10.0s
2025-06-20 16:25:16,771 - INFO - Configurando o navegador...
2025-06-20 16:25:22,062 - INFO - Navegador Chrome iniciado com sucesso.
2025-06-20 16:25:22,072 - INFO - Navegando para a página de login do Instagram. Por favor, faça o login manual.
2025-06-20 16:25:24,114 - INFO - Pausando por 9.66 segundos...
2025-06-20 16:25:58,702 - INFO - Login manual detectado com sucesso!
2025-06-20 16:26:09,125 - INFO - Pop-up 'Salvar Informações' não encontrado.
2025-06-20 16:26:19,391 - INFO - Pop-up 'Ativar Notificações' não encontrado.
2025-06-20 16:26:19,393 - INFO - Bot pronto! Iniciando ciclo de atividades...
2025-06-20 16:26:19,394 - INFO - Iniciando navegação nos Reels.
2025-06-20 16:28:19,485 - ERROR - Erro geral na navegação de Reels: HTTPConnectionPool(host='localhost', port=59578): Read timed out. (read timeout=120)
2025-06-20 16:28:19,498 - INFO - Ciclo de atividades completo. Pausando para próximo ciclo...
2025-06-20 16:28:19,502 - INFO - Pausando por 69.27 segundos...
2025-06-20 16:29:29,706 - INFO - Iniciando navegação nos Reels.
2025-06-20 16:31:36,209 - ERROR - Erro geral na navegação de Reels: HTTPConnectionPool(host='localhost', port=59578): Read timed out. (read timeout=120)
2025-06-20 16:31:36,279 - INFO - Ciclo de atividades completo. Pausando para próximo ciclo...
2025-06-20 16:31:36,292 - INFO - Pausando por 85.38 segundos...
2025-06-20 16:33:01,747 - INFO - Iniciando navegação nos Reels.
2025-06-20 16:34:31,421 - INFO - Bot interrompido pelo usuário.
2025-06-20 16:34:31,458 - INFO - Fechando o navegador.
2025-06-20 16:34:35,867 - WARNING - Retrying (Retry(total=2, connect=None, read=None, redirect=None, status=None)) after connection broken by 'NewConnectionError('<urllib3.connection.HTTPConnection object at 0x000001D49906E190>: Failed to establish a new connection: [WinError 10061] Nenhuma conexão pôde ser feita porque a máquina de destino as recusou ativamente')': /session/7bb61465b9b4bd418e845b5ccb3fcdda
2025-06-20 16:34:39,993 - WARNING - Retrying (Retry(total=1, connect=None, read=None, redirect=None, status=None)) after connection broken by 'NewConnectionError('<urllib3.connection.HTTPConnection object at 0x000001D49906E3F0>: Failed to establish a new connection: [WinError 10061] Nenhuma conexão pôde ser feita porque a máquina de destino as recusou ativamente')': /session/7bb61465b9b4bd418e845b5ccb3fcdda
2025-06-20 16:34:44,203 - WARNING - Retrying (Retry(total=0, connect=None, read=None, redirect=None, status=None)) after connection broken by 'NewConnectionError('<urllib3.connection.HTTPConnection object at 0x000001D49912C170>: Failed to establish a new connection: [WinError 10061] Nenhuma conexão pôde ser feita porque a máquina de destino as recusou ativamente')': /session/7bb61465b9b4bd418e845b5ccb3fcdda
2025-06-20 16:34:48,352 - INFO - OptIG Advanced finalizado.
2025-06-23 08:18:26,844 - INFO - Iniciando OptIG Advanced...
2025-06-23 08:18:36,967 - INFO - Atrasos configurados: Min=1.0s, Max=4.0s
2025-06-23 08:18:36,967 - INFO - Configurando o navegador...
2025-06-23 08:18:41,149 - INFO - Navegador Chrome iniciado com sucesso.
2025-06-23 08:18:41,149 - INFO - Navegando para a página de login do Instagram. Por favor, faça o login manual.
2025-06-23 08:18:42,001 - INFO - Pausando por 7.15 segundos...
2025-06-23 08:20:49,235 - ERROR - Tempo limite excedido para o login manual. O bot não detectou o login.
2025-06-23 08:21:05,697 - INFO - Iniciando OptIG Advanced...
2025-06-23 08:21:46,567 - INFO - Atrasos configurados: Min=1.0s, Max=4.0s
2025-06-23 08:21:46,568 - INFO - Configurando o navegador...
2025-06-23 08:21:49,059 - INFO - Navegador Chrome iniciado com sucesso.
2025-06-23 08:21:49,059 - INFO - Navegando para a página de login do Instagram. Por favor, faça o login manual.
2025-06-23 08:21:49,768 - INFO - Pausando por 7.15 segundos...
2025-06-23 08:23:07,630 - INFO - Iniciando OptIG Advanced...
2025-06-23 08:23:22,014 - INFO - Atrasos configurados: Min=1.0s, Max=4.0s
2025-06-23 08:23:22,014 - INFO - Configurando o navegador...
2025-06-23 08:23:24,469 - INFO - Navegador Chrome iniciado com sucesso.
2025-06-23 08:23:24,470 - INFO - Navegando para a página de login do Instagram. Por favor, faça o login manual.
2025-06-23 08:23:25,294 - INFO - Pausando por 9.27 segundos...
2025-06-23 08:25:34,882 - ERROR - Tempo limite excedido para o login manual. O bot não detectou o login.
